  AdminService.cpp
  DynamicVector.cpp
  Repository.cpp
\\Mac\Home\Desktop\GitHub\Assignments_FP\Semester 2\OOP\Lab_4\Lab_4\Lab_4\Repository.cpp(37,45): warning C4018: '>=': signed/unsigned mismatch
  Tests.cpp
  UI.cpp
\\Mac\Home\Desktop\GitHub\Assignments_FP\Semester 2\OOP\Lab_4\Lab_4\Lab_4\UI.cpp(109,23): warning C4018: '<': signed/unsigned mismatch
\\Mac\Home\Desktop\GitHub\Assignments_FP\Semester 2\OOP\Lab_4\Lab_4\Lab_4\UI.cpp(116,23): warning C4018: '<': signed/unsigned mismatch
  UserService.cpp
  main.cpp
  Generating Code...
Repository.obj : error LNK2005: "public: __thiscall DynamicVector<class Movie>::DynamicVector<class Movie>(class DynamicVector<class Movie> const &)" (??0?$DynamicVector@VMovie@@@@QAE@ABV0@@Z) already defined in main.obj
Repository.obj : error LNK2005: "public: __thiscall DynamicVector<class Movie>::DynamicVector<class Movie>(int)" (??0?$DynamicVector@VMovie@@@@QAE@H@Z) already defined in main.obj
Repository.obj : error LNK2005: "public: __thiscall DynamicVector<class Movie>::~DynamicVector<class Movie>(void)" (??1?$DynamicVector@VMovie@@@@QAE@XZ) already defined in main.obj
Repository.obj : error LNK2005: "public: class DynamicVector<class Movie> & __thiscall DynamicVector<class Movie>::operator=(class DynamicVector<class Movie> const &)" (??4?$DynamicVector@VMovie@@@@QAEAAV0@ABV0@@Z) already defined in main.obj
Repository.obj : error LNK2005: "public: class Movie & __thiscall DynamicVector<class Movie>::operator[](int)" (??A?$DynamicVector@VMovie@@@@QAEAAVMovie@@H@Z) already defined in main.obj
Repository.obj : error LNK2005: "public: void __thiscall DynamicVector<class Movie>::append(class Movie)" (?append@?$DynamicVector@VMovie@@@@QAEXVMovie@@@Z) already defined in main.obj
Repository.obj : error LNK2005: "public: void __thiscall DynamicVector<class Movie>::remove(class Movie const &)" (?remove@?$DynamicVector@VMovie@@@@QAEXABVMovie@@@Z) already defined in main.obj
Repository.obj : error LNK2005: "public: int __thiscall DynamicVector<class Movie>::searchElementInList(class Movie const &)" (?searchElementInList@?$DynamicVector@VMovie@@@@QAEHABVMovie@@@Z) already defined in main.obj
Repository.obj : error LNK2005: "public: int __thiscall DynamicVector<class Movie>::size(void)" (?size@?$DynamicVector@VMovie@@@@QAEHXZ) already defined in main.obj
Repository.obj : error LNK2005: "public: void __thiscall DynamicVector<class Movie>::update(class Movie const &,class Movie const &)" (?update@?$DynamicVector@VMovie@@@@QAEXABVMovie@@0@Z) already defined in main.obj
AdminService.obj : error LNK2005: "public: __thiscall DynamicVector<class Movie>::DynamicVector<class Movie>(class DynamicVector<class Movie> const &)" (??0?$DynamicVector@VMovie@@@@QAE@ABV0@@Z) already defined in main.obj
AdminService.obj : error LNK2005: "public: __thiscall DynamicVector<class Movie>::DynamicVector<class Movie>(int)" (??0?$DynamicVector@VMovie@@@@QAE@H@Z) already defined in main.obj
AdminService.obj : error LNK2005: "public: __thiscall DynamicVector<class Movie>::~DynamicVector<class Movie>(void)" (??1?$DynamicVector@VMovie@@@@QAE@XZ) already defined in main.obj
AdminService.obj : error LNK2005: "public: class DynamicVector<class Movie> & __thiscall DynamicVector<class Movie>::operator=(class DynamicVector<class Movie> const &)" (??4?$DynamicVector@VMovie@@@@QAEAAV0@ABV0@@Z) already defined in main.obj
AdminService.obj : error LNK2005: "public: class Movie & __thiscall DynamicVector<class Movie>::operator[](int)" (??A?$DynamicVector@VMovie@@@@QAEAAVMovie@@H@Z) already defined in main.obj
AdminService.obj : error LNK2005: "public: void __thiscall DynamicVector<class Movie>::append(class Movie)" (?append@?$DynamicVector@VMovie@@@@QAEXVMovie@@@Z) already defined in main.obj
AdminService.obj : error LNK2005: "public: void __thiscall DynamicVector<class Movie>::remove(class Movie const &)" (?remove@?$DynamicVector@VMovie@@@@QAEXABVMovie@@@Z) already defined in main.obj
AdminService.obj : error LNK2005: "public: int __thiscall DynamicVector<class Movie>::searchElementInList(class Movie const &)" (?searchElementInList@?$DynamicVector@VMovie@@@@QAEHABVMovie@@@Z) already defined in main.obj
AdminService.obj : error LNK2005: "public: int __thiscall DynamicVector<class Movie>::size(void)" (?size@?$DynamicVector@VMovie@@@@QAEHXZ) already defined in main.obj
AdminService.obj : error LNK2005: "public: void __thiscall DynamicVector<class Movie>::update(class Movie const &,class Movie const &)" (?update@?$DynamicVector@VMovie@@@@QAEXABVMovie@@0@Z) already defined in main.obj
Tests.obj : error LNK2005: "public: __thiscall DynamicVector<class Movie>::DynamicVector<class Movie>(class DynamicVector<class Movie> const &)" (??0?$DynamicVector@VMovie@@@@QAE@ABV0@@Z) already defined in main.obj
Tests.obj : error LNK2005: "public: __thiscall DynamicVector<class Movie>::DynamicVector<class Movie>(int)" (??0?$DynamicVector@VMovie@@@@QAE@H@Z) already defined in main.obj
Tests.obj : error LNK2005: "public: __thiscall DynamicVector<class Movie>::~DynamicVector<class Movie>(void)" (??1?$DynamicVector@VMovie@@@@QAE@XZ) already defined in main.obj
Tests.obj : error LNK2005: "public: class DynamicVector<class Movie> & __thiscall DynamicVector<class Movie>::operator=(class DynamicVector<class Movie> const &)" (??4?$DynamicVector@VMovie@@@@QAEAAV0@ABV0@@Z) already defined in main.obj
Tests.obj : error LNK2005: "public: class Movie & __thiscall DynamicVector<class Movie>::operator[](int)" (??A?$DynamicVector@VMovie@@@@QAEAAVMovie@@H@Z) already defined in main.obj
Tests.obj : error LNK2005: "public: void __thiscall DynamicVector<class Movie>::append(class Movie)" (?append@?$DynamicVector@VMovie@@@@QAEXVMovie@@@Z) already defined in main.obj
Tests.obj : error LNK2005: "public: void __thiscall DynamicVector<class Movie>::remove(class Movie const &)" (?remove@?$DynamicVector@VMovie@@@@QAEXABVMovie@@@Z) already defined in main.obj
Tests.obj : error LNK2005: "public: int __thiscall DynamicVector<class Movie>::searchElementInList(class Movie const &)" (?searchElementInList@?$DynamicVector@VMovie@@@@QAEHABVMovie@@@Z) already defined in main.obj
Tests.obj : error LNK2005: "public: int __thiscall DynamicVector<class Movie>::size(void)" (?size@?$DynamicVector@VMovie@@@@QAEHXZ) already defined in main.obj
Tests.obj : error LNK2005: "public: void __thiscall DynamicVector<class Movie>::update(class Movie const &,class Movie const &)" (?update@?$DynamicVector@VMovie@@@@QAEXABVMovie@@0@Z) already defined in main.obj
UI.obj : error LNK2005: "public: __thiscall DynamicVector<class Movie>::DynamicVector<class Movie>(class DynamicVector<class Movie> const &)" (??0?$DynamicVector@VMovie@@@@QAE@ABV0@@Z) already defined in main.obj
UI.obj : error LNK2005: "public: __thiscall DynamicVector<class Movie>::DynamicVector<class Movie>(int)" (??0?$DynamicVector@VMovie@@@@QAE@H@Z) already defined in main.obj
UI.obj : error LNK2005: "public: __thiscall DynamicVector<class Movie>::~DynamicVector<class Movie>(void)" (??1?$DynamicVector@VMovie@@@@QAE@XZ) already defined in main.obj
UI.obj : error LNK2005: "public: class DynamicVector<class Movie> & __thiscall DynamicVector<class Movie>::operator=(class DynamicVector<class Movie> const &)" (??4?$DynamicVector@VMovie@@@@QAEAAV0@ABV0@@Z) already defined in main.obj
UI.obj : error LNK2005: "public: class Movie & __thiscall DynamicVector<class Movie>::operator[](int)" (??A?$DynamicVector@VMovie@@@@QAEAAVMovie@@H@Z) already defined in main.obj
UI.obj : error LNK2005: "public: void __thiscall DynamicVector<class Movie>::append(class Movie)" (?append@?$DynamicVector@VMovie@@@@QAEXVMovie@@@Z) already defined in main.obj
UI.obj : error LNK2005: "public: void __thiscall DynamicVector<class Movie>::remove(class Movie const &)" (?remove@?$DynamicVector@VMovie@@@@QAEXABVMovie@@@Z) already defined in main.obj
UI.obj : error LNK2005: "public: int __thiscall DynamicVector<class Movie>::searchElementInList(class Movie const &)" (?searchElementInList@?$DynamicVector@VMovie@@@@QAEHABVMovie@@@Z) already defined in main.obj
UI.obj : error LNK2005: "public: int __thiscall DynamicVector<class Movie>::size(void)" (?size@?$DynamicVector@VMovie@@@@QAEHXZ) already defined in main.obj
UI.obj : error LNK2005: "public: void __thiscall DynamicVector<class Movie>::update(class Movie const &,class Movie const &)" (?update@?$DynamicVector@VMovie@@@@QAEXABVMovie@@0@Z) already defined in main.obj
UserService.obj : error LNK2005: "public: __thiscall DynamicVector<class Movie>::DynamicVector<class Movie>(class DynamicVector<class Movie> const &)" (??0?$DynamicVector@VMovie@@@@QAE@ABV0@@Z) already defined in main.obj
UserService.obj : error LNK2005: "public: __thiscall DynamicVector<class Movie>::DynamicVector<class Movie>(int)" (??0?$DynamicVector@VMovie@@@@QAE@H@Z) already defined in main.obj
UserService.obj : error LNK2005: "public: __thiscall DynamicVector<class Movie>::~DynamicVector<class Movie>(void)" (??1?$DynamicVector@VMovie@@@@QAE@XZ) already defined in main.obj
UserService.obj : error LNK2005: "public: class DynamicVector<class Movie> & __thiscall DynamicVector<class Movie>::operator=(class DynamicVector<class Movie> const &)" (??4?$DynamicVector@VMovie@@@@QAEAAV0@ABV0@@Z) already defined in main.obj
UserService.obj : error LNK2005: "public: class Movie & __thiscall DynamicVector<class Movie>::operator[](int)" (??A?$DynamicVector@VMovie@@@@QAEAAVMovie@@H@Z) already defined in main.obj
UserService.obj : error LNK2005: "public: void __thiscall DynamicVector<class Movie>::append(class Movie)" (?append@?$DynamicVector@VMovie@@@@QAEXVMovie@@@Z) already defined in main.obj
UserService.obj : error LNK2005: "public: void __thiscall DynamicVector<class Movie>::remove(class Movie const &)" (?remove@?$DynamicVector@VMovie@@@@QAEXABVMovie@@@Z) already defined in main.obj
UserService.obj : error LNK2005: "public: int __thiscall DynamicVector<class Movie>::searchElementInList(class Movie const &)" (?searchElementInList@?$DynamicVector@VMovie@@@@QAEHABVMovie@@@Z) already defined in main.obj
UserService.obj : error LNK2005: "public: int __thiscall DynamicVector<class Movie>::size(void)" (?size@?$DynamicVector@VMovie@@@@QAEHXZ) already defined in main.obj
UserService.obj : error LNK2005: "public: void __thiscall DynamicVector<class Movie>::update(class Movie const &,class Movie const &)" (?update@?$DynamicVector@VMovie@@@@QAEXABVMovie@@0@Z) already defined in main.obj
Tests.obj : error LNK2019: unresolved external symbol "public: __thiscall DynamicVector<int>::DynamicVector<int>(int)" (??0?$DynamicVector@H@@QAE@H@Z) referenced in function "private: void __thiscall Tests::DynamicVector_AnyVector_VectorCreated(void)" (?DynamicVector_AnyVector_VectorCreated@Tests@@AAEXXZ)
Tests.obj : error LNK2019: unresolved external symbol "public: __thiscall DynamicVector<int>::~DynamicVector<int>(void)" (??1?$DynamicVector@H@@QAE@XZ) referenced in function "private: void __thiscall Tests::DynamicVector_AnyVector_VectorCreated(void)" (?DynamicVector_AnyVector_VectorCreated@Tests@@AAEXXZ)
Tests.obj : error LNK2019: unresolved external symbol "public: int __thiscall DynamicVector<int>::searchElementInList(int const &)" (?searchElementInList@?$DynamicVector@H@@QAEHABH@Z) referenced in function "private: void __thiscall Tests::append_AnyElement_ElementAppended(void)" (?append_AnyElement_ElementAppended@Tests@@AAEXXZ)
Tests.obj : error LNK2019: unresolved external symbol "public: void __thiscall DynamicVector<int>::append(int)" (?append@?$DynamicVector@H@@QAEXH@Z) referenced in function "private: void __thiscall Tests::append_AnyElement_ElementAppended(void)" (?append_AnyElement_ElementAppended@Tests@@AAEXXZ)
Tests.obj : error LNK2019: unresolved external symbol "public: void __thiscall DynamicVector<int>::remove(int const &)" (?remove@?$DynamicVector@H@@QAEXABH@Z) referenced in function "private: void __thiscall Tests::operatorEqual_AnyVector_CorrectAssignment(void)" (?operatorEqual_AnyVector_CorrectAssignment@Tests@@AAEXXZ)
Tests.obj : error LNK2019: unresolved external symbol "public: void __thiscall DynamicVector<int>::update(int const &,int const &)" (?update@?$DynamicVector@H@@QAEXABH0@Z) referenced in function "private: void __thiscall Tests::update_ElementInTheList_ElementUpdated(void)" (?update_ElementInTheList_ElementUpdated@Tests@@AAEXXZ)
Tests.obj : error LNK2019: unresolved external symbol "public: int & __thiscall DynamicVector<int>::operator[](int)" (??A?$DynamicVector@H@@QAEAAHH@Z) referenced in function "private: void __thiscall Tests::operatorPosition_InvalidPosition_ExceptionReturned(void)" (?operatorPosition_InvalidPosition_ExceptionReturned@Tests@@AAEXXZ)
Tests.obj : error LNK2019: unresolved external symbol "public: int __thiscall DynamicVector<int>::size(void)" (?size@?$DynamicVector@H@@QAEHXZ) referenced in function "private: void __thiscall Tests::remove_ElementNotInTheList_SizeRemainsTheSame(void)" (?remove_ElementNotInTheList_SizeRemainsTheSame@Tests@@AAEXXZ)
Tests.obj : error LNK2019: unresolved external symbol "public: class DynamicVector<int> & __thiscall DynamicVector<int>::operator=(class DynamicVector<int> const &)" (??4?$DynamicVector@H@@QAEAAV0@ABV0@@Z) referenced in function "private: void __thiscall Tests::operatorEqual_AnyVector_CorrectAssignment(void)" (?operatorEqual_AnyVector_CorrectAssignment@Tests@@AAEXXZ)
\\Mac\Home\Desktop\GitHub\Assignments_FP\Semester 2\OOP\Lab_4\Lab_4\Debug\Lab_4.exe : fatal error LNK1120: 9 unresolved externals
