[2020-04-11 21:55:52] [info] Start Program:
Path:"Debug/Lab_4.exe"
Arguments:--verbose 
Working directory: not set.
Modules: Selected: * Excluded: 
Sources: Selected: * Excluded: 
Log Level: Normal
Cover Children: 0
Aggregate by file: 1
Continue after C++ exception: 0
Optimized build support: 0
Export: html 
Input coverage: 
Unified diff: 
Excluded line regular expressions: 
Substitute pdb source paths: 

[2020-04-11 21:55:52] [info] Module: \Mac\AllFiles\Users\paulcolta\Desktop\GitHub\Assignments_FP\Semester 2\OOP\Lab_5(6)\Lab_4\Debug\Lab_4.exe is selected because it matches selected pattern: *
[2020-04-11 21:55:52] [info] Module: C:\Windows\System32\ntdll.dll is selected because it matches selected pattern: *
[2020-04-11 21:55:52] [info] Module: C:\Windows\SysWOW64\ntdll.dll is selected because it matches selected pattern: *
[2020-04-11 21:55:52] [info] Module: C:\Windows\System32\wow64.dll is selected because it matches selected pattern: *
[2020-04-11 21:55:52] [info] Module: C:\Windows\System32\wow64win.dll is selected because it matches selected pattern: *
[2020-04-11 21:55:52] [info] Module: C:\Windows\System32\wow64cpu.dll is selected because it matches selected pattern: *
[2020-04-11 21:55:52] [info] Module: C:\Windows\SysWOW64\kernel32.dll is selected because it matches selected pattern: *
[2020-04-11 21:55:52] [info] Module: C:\Windows\SysWOW64\KernelBase.dll is selected because it matches selected pattern: *
[2020-04-11 21:55:52] [info] Module: C:\Windows\SysWOW64\vcruntime140d.dll is selected because it matches selected pattern: *
[2020-04-11 21:55:52] [info] Module: C:\Windows\SysWOW64\msvcp140d.dll is selected because it matches selected pattern: *
[2020-04-11 21:55:52] [info] Module: C:\Windows\SysWOW64\ucrtbased.dll is selected because it matches selected pattern: *
[2020-04-11 21:55:52] [info] Module: C:\Windows\SysWOW64\ucrtbased.dll is selected because it matches selected pattern: *
[2020-04-11 21:55:52] [info] Module: C:\Windows\SysWOW64\kernel.appcore.dll is selected because it matches selected pattern: *
[2020-04-11 21:55:52] [info] Module: C:\Windows\SysWOW64\msvcrt.dll is selected because it matches selected pattern: *
[2020-04-11 21:55:52] [info] Module: C:\Windows\SysWOW64\rpcrt4.dll is selected because it matches selected pattern: *
[2020-04-11 21:55:52] [info] Module: C:\Windows\SysWOW64\sspicli.dll is selected because it matches selected pattern: *
[2020-04-11 21:55:52] [info] Module: C:\Windows\SysWOW64\cryptbase.dll is selected because it matches selected pattern: *
[2020-04-11 21:55:52] [info] Module: C:\Windows\SysWOW64\bcryptprimitives.dll is selected because it matches selected pattern: *
[2020-04-11 21:55:52] [info] Module: C:\Windows\SysWOW64\sechost.dll is selected because it matches selected pattern: *
[2020-04-11 21:55:53] [info] ----------------------------------------------------
[2020-04-11 21:55:53] [info] Coverage generated in Folder Z:\Users\paulcolta\Desktop\GitHub\Assignments_FP\Semester 2\OOP\Lab_5(6)\Lab_4\CoverageReport-2020-04-11-21h55m52s
[2020-04-11 21:55:53] [info] ----------------------------------------------------
[2020-04-11 21:55:53] [warning] No modules were selected. Please check the values of --modules and --excluded_modules.
You can try to remove all --modules and --excluded_modules and use --modules=C:\Windows\SysWOW64 instead.
