\\mac\home\desktop\github\assignments_fp\semester 2\oop\lab12windows\lab12\lab12\x64\debug\\uic\ui_lab12.h
\\mac\home\desktop\github\assignments_fp\semester 2\oop\lab12windows\lab12\x64\debug\lab12.exe
\\mac\home\desktop\github\assignments_fp\semester 2\oop\lab12windows\lab12\x64\debug\lab12.ilk
\\mac\home\desktop\github\assignments_fp\semester 2\oop\lab12windows\lab12\x64\debug\lab12.pdb
\\mac\home\desktop\github\assignments_fp\semester 2\oop\lab12windows\lab12\lab12\x64\debug\\rcc\qrc_lab12.cpp
\\mac\home\desktop\github\assignments_fp\semester 2\oop\lab12windows\lab12\lab12\x64\debug\uic\ui_lab12.h
\\mac\home\desktop\github\assignments_fp\semester 2\oop\lab12windows\lab12\lab12\x64\debug\rcc\qrc_lab12.cpp
\\mac\home\desktop\github\assignments_fp\semester 2\oop\lab12windows\lab12\lab12\x64\debug\moc\moc_lab12.cpp
\\mac\home\desktop\github\assignments_fp\semester 2\oop\lab12windows\lab12\lab12\x64\debug\moc_lab12.obj
\\mac\home\desktop\github\assignments_fp\semester 2\oop\lab12windows\lab12\lab12\x64\debug\qrc_lab12.obj
\\mac\home\desktop\github\assignments_fp\semester 2\oop\lab12windows\lab12\lab12\x64\debug\actionadd.obj
\\mac\home\desktop\github\assignments_fp\semester 2\oop\lab12windows\lab12\lab12\x64\debug\actionremove.obj
\\mac\home\desktop\github\assignments_fp\semester 2\oop\lab12windows\lab12\lab12\x64\debug\csvrepository.obj
\\mac\home\desktop\github\assignments_fp\semester 2\oop\lab12windows\lab12\lab12\x64\debug\filerepository.obj
\\mac\home\desktop\github\assignments_fp\semester 2\oop\lab12windows\lab12\lab12\x64\debug\lab12.obj
\\mac\home\desktop\github\assignments_fp\semester 2\oop\lab12windows\lab12\lab12\x64\debug\movie.obj
\\mac\home\desktop\github\assignments_fp\semester 2\oop\lab12windows\lab12\lab12\x64\debug\movievalidator.obj
\\mac\home\desktop\github\assignments_fp\semester 2\oop\lab12windows\lab12\lab12\x64\debug\repositoryexception.obj
\\mac\home\desktop\github\assignments_fp\semester 2\oop\lab12windows\lab12\lab12\x64\debug\validationexception.obj
\\mac\home\desktop\github\assignments_fp\semester 2\oop\lab12windows\lab12\lab12\x64\debug\action.obj
\\mac\home\desktop\github\assignments_fp\semester 2\oop\lab12windows\lab12\lab12\x64\debug\actionupdate.obj
\\mac\home\desktop\github\assignments_fp\semester 2\oop\lab12windows\lab12\lab12\x64\debug\adminservice.obj
\\mac\home\desktop\github\assignments_fp\semester 2\oop\lab12windows\lab12\lab12\x64\debug\htmlrepository.obj
\\mac\home\desktop\github\assignments_fp\semester 2\oop\lab12windows\lab12\lab12\x64\debug\main.obj
\\mac\home\desktop\github\assignments_fp\semester 2\oop\lab12windows\lab12\lab12\x64\debug\userservice.obj
\\mac\home\desktop\github\assignments_fp\semester 2\oop\lab12windows\lab12\lab12\x64\debug\vc142.pdb
\\mac\home\desktop\github\assignments_fp\semester 2\oop\lab12windows\lab12\lab12\x64\debug\\moc\moc_lab12.cpp
\\mac\home\desktop\github\assignments_fp\semester 2\oop\lab12windows\lab12\lab12\x64\debug\lab12.tlog\link.read.1.tlog
\\mac\home\desktop\github\assignments_fp\semester 2\oop\lab12windows\lab12\lab12\x64\debug\lab12.tlog\link.command.1.tlog
\\mac\home\desktop\github\assignments_fp\semester 2\oop\lab12windows\lab12\lab12\x64\debug\lab12.tlog\uic.write.1u.tlog
\\mac\home\desktop\github\assignments_fp\semester 2\oop\lab12windows\lab12\lab12\x64\debug\lab12.tlog\link.write.1.tlog
\\mac\home\desktop\github\assignments_fp\semester 2\oop\lab12windows\lab12\lab12\x64\debug\lab12.tlog\cl.read.1.tlog
\\mac\home\desktop\github\assignments_fp\semester 2\oop\lab12windows\lab12\lab12\x64\debug\lab12.tlog\rcc.write.1u.tlog
\\mac\home\desktop\github\assignments_fp\semester 2\oop\lab12windows\lab12\lab12\x64\debug\lab12.tlog\lab12.write.1u.tlog
\\mac\home\desktop\github\assignments_fp\semester 2\oop\lab12windows\lab12\lab12\x64\debug\lab12.tlog\cl.command.1.tlog
\\mac\home\desktop\github\assignments_fp\semester 2\oop\lab12windows\lab12\lab12\x64\debug\lab12.tlog\uic.read.1u.tlog
\\mac\home\desktop\github\assignments_fp\semester 2\oop\lab12windows\lab12\lab12\x64\debug\lab12.tlog\moc.read.1u.tlog
\\mac\home\desktop\github\assignments_fp\semester 2\oop\lab12windows\lab12\lab12\x64\debug\lab12.tlog\cl.write.1.tlog
\\mac\home\desktop\github\assignments_fp\semester 2\oop\lab12windows\lab12\lab12\x64\debug\lab12.tlog\moc.write.1u.tlog
\\mac\home\desktop\github\assignments_fp\semester 2\oop\lab12windows\lab12\lab12\x64\debug\lab12.tlog\rcc.read.1u.tlog
